[debug] [2024-11-13T23:09:59.202Z] ----------------------------------------------------------------------
[debug] [2024-11-13T23:09:59.205Z] Command:       C:\Program Files\nodejs\node.exe C:\Users\san-1\AppData\Roaming\npm\node_modules\firebase-tools\lib\bin\firebase.js init
[debug] [2024-11-13T23:09:59.206Z] CLI Version:   13.25.0
[debug] [2024-11-13T23:09:59.206Z] Platform:      win32
[debug] [2024-11-13T23:09:59.206Z] Node Version:  v22.11.0
[debug] [2024-11-13T23:09:59.207Z] Time:          Wed Nov 13 2024 17:09:59 GMT-0600 (GMT-06:00)
[debug] [2024-11-13T23:09:59.207Z] ----------------------------------------------------------------------
[debug] 
[debug] [2024-11-13T23:09:59.218Z] > command requires scopes: ["email","openid","https://www.googleapis.com/auth/cloudplatformprojects.readonly","https://www.googleapis.com/auth/firebase","https://www.googleapis.com/auth/cloud-platform"]
[debug] [2024-11-13T23:09:59.219Z] > authorizing via signed-in user (santiagocp1509@gmail.com)
[info] 
     ######## #### ########  ######## ########     ###     ######  ########
     ##        ##  ##     ## ##       ##     ##  ##   ##  ##       ##
     ######    ##  ########  ######   ########  #########  ######  ######
     ##        ##  ##    ##  ##       ##     ## ##     ##       ## ##
     ##       #### ##     ## ######## ########  ##     ##  ######  ########

You're about to initialize a Firebase project in this directory:

  C:\Users\san-1\Desktop\pagina

[info] 
=== Project Setup
[info] 
[info] First, let's associate this project directory with a Firebase project.
[info] You can create multiple project aliases by running firebase use --add, 
[info] but for now we'll just set up a default project.
[info] 
[debug] [2024-11-13T23:13:59.813Z] Checked if tokens are valid: true, expires at: 1731542975710
[debug] [2024-11-13T23:13:59.813Z] Checked if tokens are valid: true, expires at: 1731542975710
[debug] [2024-11-13T23:13:59.815Z] >>> [apiv2][query] GET https://firebase.googleapis.com/v1beta1/projects pageSize=100
[debug] [2024-11-13T23:14:00.302Z] <<< [apiv2][status] GET https://firebase.googleapis.com/v1beta1/projects 200
[debug] [2024-11-13T23:14:00.302Z] <<< [apiv2][body] GET https://firebase.googleapis.com/v1beta1/projects [omitted]
[info] i  Using project paginaprueba02-261fd (paginaprueba02) 
[info] 
=== Hosting Setup
[debug] [2024-11-13T23:14:12.171Z] Checked if tokens are valid: true, expires at: 1731542975710
[debug] [2024-11-13T23:14:12.171Z] Checked if tokens are valid: true, expires at: 1731542975710
[debug] [2024-11-13T23:14:12.171Z] >>> [apiv2][query] GET https://firebase.googleapis.com/v1beta1/projects/paginaprueba02-261fd [none]
[debug] [2024-11-13T23:14:12.483Z] <<< [apiv2][status] GET https://firebase.googleapis.com/v1beta1/projects/paginaprueba02-261fd 200
[debug] [2024-11-13T23:14:12.483Z] <<< [apiv2][body] GET https://firebase.googleapis.com/v1beta1/projects/paginaprueba02-261fd {"projectId":"paginaprueba02-261fd","projectNumber":"945115324961","displayName":"paginaprueba02","name":"projects/paginaprueba02-261fd","resources":{"hostingSite":"paginaprueba02-261fd"},"state":"ACTIVE","etag":"1_9e51abf1-0d8f-4043-adc8-6c692c466996"}
[info] 
[info] Your public directory is the folder (relative to your project directory) that
[info] will contain Hosting assets to be uploaded with firebase deploy. If you
[info] have a build process for your assets, use your build's output directory.
[info] 
[debug] [2024-11-13T23:16:23.689Z] >>> [apiv2][query] GET https://www.gstatic.com/firebasejs/releases.json [none]
[debug] [2024-11-13T23:16:23.842Z] <<< [apiv2][status] GET https://www.gstatic.com/firebasejs/releases.json 200
[debug] [2024-11-13T23:16:23.843Z] <<< [apiv2][body] GET https://www.gstatic.com/firebasejs/releases.json {"current":{"version":"11.0.1","browserURL":"https://www.gstatic.com/firebasejs/11.0.1/firebase.js","packageURL":"https://www.gstatic.com/firebasejs/11.0.1/firebase.tgz"},"live":{"version":"11.0","browserURL":"https://www.gstatic.com/firebasejs/live/11.0/firebase.js","packageURL":"https://www.gstatic.com/firebasejs/live/11.0/firebase.tgz"},"components":{"analytics":"https://www.gstatic.com/firebasejs/11.0.1/firebase-analytics.js","app":"https://www.gstatic.com/firebasejs/11.0.1/firebase-app.js","app-check":"https://www.gstatic.com/firebasejs/11.0.1/firebase-app-check.js","auth":"https://www.gstatic.com/firebasejs/11.0.1/firebase-auth.js","auth/cordova":"https://www.gstatic.com/firebasejs/11.0.1/firebase-auth/cordova.js","auth/web-extension":"https://www.gstatic.com/firebasejs/11.0.1/firebase-auth/web-extension.js","functions":"https://www.gstatic.com/firebasejs/11.0.1/firebase-functions.js","firestore":"https://www.gstatic.com/firebasejs/11.0.1/firebase-firestore.js","firestore/lite":"https://www.gstatic.com/firebasejs/11.0.1/firebase-firestore/lite.js","installations":"https://www.gstatic.com/firebasejs/11.0.1/firebase-installations.js","storage":"https://www.gstatic.com/firebasejs/11.0.1/firebase-storage.js","performance":"https://www.gstatic.com/firebasejs/11.0.1/firebase-performance.js","remote-config":"https://www.gstatic.com/firebasejs/11.0.1/firebase-remote-config.js","messaging":"https://www.gstatic.com/firebasejs/11.0.1/firebase-messaging.js","messaging/sw":"https://www.gstatic.com/firebasejs/11.0.1/firebase-messaging/sw.js","database":"https://www.gstatic.com/firebasejs/11.0.1/firebase-database.js","vertexai":"https://www.gstatic.com/firebasejs/11.0.1/firebase-vertexai.js","data-connect":"https://www.gstatic.com/firebasejs/11.0.1/firebase-data-connect.js","firestore.memory":"https://www.gstatic.com/firebasejs/11.0.1/firebase-firestore.memory.js"}}
[info] +  Wrote public/index.html 
[info] 
[info] i  Didn't detect a .git folder. Assuming C:\Users\san-1\Desktop\pagina is the project root. 
[info] i  Authorizing with GitHub to upload your service account to a GitHub repository's secrets store. 
[info] 
[info] Visit this URL on this device to log in:
[info] https://github.com/login/oauth/authorize?client_id=89cf50f02ac6aaed3484&state=18357130&redirect_uri=http%3A%2F%2Flocalhost%3A9005&scope=read%3Auser%20repo%20public_repo
[info] 
[info] Waiting for authentication...
